[2016-11-10 02:18:37 +0000] [140666] [INFO] Starting gunicorn 19.6.0
[2016-11-10 02:18:37 +0000] [140666] [INFO] Listening at: http://0.0.0.0:8080 (140666)
[2016-11-10 02:18:37 +0000] [140666] [INFO] Using worker: sync
[2016-11-10 02:18:37 +0000] [140669] [INFO] Booting worker with pid: 140669
[2016-11-10 02:18:37 +0000] [140669] [ERROR] Exception in worker process
Traceback (most recent call last):
  File "/home/ubuntu/workspace/hello-jedi/env/lib/python3.4/site-packages/gunicorn/arbiter.py", line 557, in spawn_worker
    worker.init_process()
  File "/home/ubuntu/workspace/hello-jedi/env/lib/python3.4/site-packages/gunicorn/workers/base.py", line 126, in init_process
    self.load_wsgi()
  File "/home/ubuntu/workspace/hello-jedi/env/lib/python3.4/site-packages/gunicorn/workers/base.py", line 136, in load_wsgi
    self.wsgi = self.app.wsgi()
  File "/home/ubuntu/workspace/hello-jedi/env/lib/python3.4/site-packages/gunicorn/app/base.py", line 67, in wsgi
    self.callable = self.load()
  File "/home/ubuntu/workspace/hello-jedi/env/lib/python3.4/site-packages/gunicorn/app/wsgiapp.py", line 65, in load
    return self.load_wsgiapp()
  File "/home/ubuntu/workspace/hello-jedi/env/lib/python3.4/site-packages/gunicorn/app/wsgiapp.py", line 52, in load_wsgiapp
    return util.import_app(self.app_uri)
  File "/home/ubuntu/workspace/hello-jedi/env/lib/python3.4/site-packages/gunicorn/util.py", line 357, in import_app
    __import__(module)
ImportError: No module named 'hello_jedi'
[2016-11-10 02:18:37 +0000] [140669] [INFO] Worker exiting (pid: 140669)
[2016-11-10 02:18:37 +0000] [140666] [INFO] Shutting down: Master
[2016-11-10 02:18:37 +0000] [140666] [INFO] Reason: Worker failed to boot.
[2016-11-10 02:19:32 +0000] [140725] [INFO] Starting gunicorn 19.6.0
[2016-11-10 02:19:32 +0000] [140725] [INFO] Listening at: http://0.0.0.0:8080 (140725)
[2016-11-10 02:19:32 +0000] [140725] [INFO] Using worker: sync
[2016-11-10 02:19:32 +0000] [140728] [INFO] Booting worker with pid: 140728
[2016-11-10 02:19:32 +0000] [140728] [ERROR] Exception in worker process
Traceback (most recent call last):
  File "/home/ubuntu/workspace/hello-jedi/env/lib/python3.4/site-packages/gunicorn/arbiter.py", line 557, in spawn_worker
    worker.init_process()
  File "/home/ubuntu/workspace/hello-jedi/env/lib/python3.4/site-packages/gunicorn/workers/base.py", line 126, in init_process
    self.load_wsgi()
  File "/home/ubuntu/workspace/hello-jedi/env/lib/python3.4/site-packages/gunicorn/workers/base.py", line 136, in load_wsgi
    self.wsgi = self.app.wsgi()
  File "/home/ubuntu/workspace/hello-jedi/env/lib/python3.4/site-packages/gunicorn/app/base.py", line 67, in wsgi
    self.callable = self.load()
  File "/home/ubuntu/workspace/hello-jedi/env/lib/python3.4/site-packages/gunicorn/app/wsgiapp.py", line 65, in load
    return self.load_wsgiapp()
  File "/home/ubuntu/workspace/hello-jedi/env/lib/python3.4/site-packages/gunicorn/app/wsgiapp.py", line 52, in load_wsgiapp
    return util.import_app(self.app_uri)
  File "/home/ubuntu/workspace/hello-jedi/env/lib/python3.4/site-packages/gunicorn/util.py", line 357, in import_app
    __import__(module)
  File "/home/ubuntu/workspace/hello-jedi/hello-jedi.py", line 1, in <module>
    from flask import Flask, render_template
ImportError: No module named 'flask'
[2016-11-10 02:19:32 +0000] [140728] [INFO] Worker exiting (pid: 140728)
[2016-11-10 02:19:32 +0000] [140725] [INFO] Shutting down: Master
[2016-11-10 02:19:32 +0000] [140725] [INFO] Reason: Worker failed to boot.
[2016-11-10 02:19:58 +0000] [140810] [INFO] Starting gunicorn 19.6.0
[2016-11-10 02:19:58 +0000] [140810] [INFO] Listening at: http://0.0.0.0:8080 (140810)
[2016-11-10 02:19:58 +0000] [140810] [INFO] Using worker: sync
[2016-11-10 02:19:58 +0000] [140813] [INFO] Booting worker with pid: 140813
[2016-11-10 02:20:07 +0000] [140810] [INFO] Handling signal: winch
[2016-11-10 02:20:50 +0000] [140810] [INFO] Handling signal: int
[2016-11-10 02:20:50 +0000] [140813] [INFO] Worker exiting (pid: 140813)
[2016-11-10 02:20:50 +0000] [140810] [INFO] Shutting down: Master
